<html>
<body>
<pre>
<h1>Vision Build Log</h1>
<h2>Project:</h2>
F:\开发板\STM32F407开发板（增强型）V1.0\例程\UCOS版\UDP服务器收发数据实验（ucos版）\project\Pro.uvproj
Project File Date:  01/21/2015

<h2>Output:</h2>
Build target 'Pro'
compiling Main.c...
..\App\Main.c(58): error:  #20: identifier "CPU_LED" is undefined
..\App\Main.c(58): error:  #165: too few arguments in function call
compiling Task_Test.c...
compiling LED.C...
compiling Bsp_Global.c...
compiling NVIC.C...
compiling stm32f4x7_eth_bsp.c...
..\BSP\stm32f4x7_eth_bsp.c(234): warning:  #177-D: variable "NVIC_InitStructure" was declared but never referenced
compiling netconf.c...
compiling stm32f4xx_it.c...
..\BSP\stm32f4xx_it.c(159): warning:  #177-D: variable "err" was declared but never referenced
compiling UDP_SERVER.C...
..\BSP\UDP_SERVER.C(48): warning:  #167-D: argument of type "int (*)(void *, struct udp_pcb *, struct pbuf *, struct ip_addr *, u16_t)" is incompatible with parameter of type "void (*)(void *, struct udp_pcb *, struct pbuf *, struct ip_addr *, u16_t)"
compiling M_Delay_P.c...
compiling misc.c...
compiling stm32f4xx_adc.c...
compiling stm32f4xx_can.c...
compiling stm32f4xx_crc.c...
compiling stm32f4xx_cryp.c...
compiling stm32f4xx_cryp_aes.c...
compiling stm32f4xx_cryp_des.c...
compiling stm32f4xx_cryp_tdes.c...
compiling stm32f4xx_dac.c...
compiling stm32f4xx_dbgmcu.c...
compiling stm32f4xx_dcmi.c...
compiling stm32f4xx_dma.c...
compiling stm32f4xx_exti.c...
compiling stm32f4xx_flash.c...
compiling stm32f4xx_fsmc.c...
compiling stm32f4xx_gpio.c...
compiling stm32f4xx_hash.c...
compiling stm32f4xx_hash_md5.c...
compiling stm32f4xx_hash_sha1.c...
compiling stm32f4xx_i2c.c...
compiling stm32f4xx_iwdg.c...
compiling stm32f4xx_pwr.c...
compiling stm32f4xx_rcc.c...
compiling stm32f4xx_rng.c...
compiling stm32f4xx_rtc.c...
compiling stm32f4xx_sdio.c...
compiling stm32f4xx_spi.c...
compiling stm32f4xx_syscfg.c...
compiling stm32f4xx_tim.c...
compiling stm32f4xx_usart.c...
compiling stm32f4xx_wwdg.c...
compiling system_stm32f4xx.c...
compiling os_cpu_c.c...
compiling os_dbg.c...
compiling os_core.c...
compiling os_flag.c...
compiling os_mbox.c...
compiling os_mem.c...
compiling os_mutex.c...
compiling os_q.c...
compiling os_sem.c...
compiling os_task.c...
compiling os_time.c...
compiling os_tmr.c...
compiling api_lib.c...
compiling api_msg.c...
compiling err.c...
compiling netbuf.c...
compiling netdb.c...
compiling netifapi.c...
compiling sockets.c...
compiling tcpip.c...
compiling autoip.c...
compiling icmp.c...
compiling igmp.c...
compiling inet.c...
compiling inet_chksum.c...
compiling ip.c...
compiling ip_addr.c...
compiling ip_frag.c...
compiling dhcp.c...
compiling dns.c...
compiling init.c...
compiling mem.c...
..\Utilities\Third_Party\lwip_v1.3.2\src\core\mem.c(184): warning:  #550-D: variable "mem_sem" was set but never used
compiling memp.c...
compiling netif.c...
compiling pbuf.c...
compiling raw.c...
compiling stats.c...
compiling sys.c...
compiling tcp.c...
compiling tcp_in.c...
compiling tcp_out.c...
..\Utilities\Third_Party\lwip_v1.3.2\src\core\tcp_out.c(465): warning:  #550-D: variable "tcphdr" was set but never used
..\Utilities\Third_Party\lwip_v1.3.2\src\core\tcp_out.c(935): warning:  #550-D: variable "tcphdr" was set but never used
compiling udp.c...
compiling etharp.c...
compiling loopif.c...
compiling ethernetif.c...
compiling stm32f4x7_eth.c...
Target not created
Build target 'Pro'
compiling Main.c...
..\App\Main.c(58): error:  #20: identifier "CPU_LED" is undefined
..\App\Main.c(58): error:  #165: too few arguments in function call
compiling system_stm32f4xx.c...
Target not created
Build target 'Pro'
compiling Main.c...
..\App\Main.c(58): error:  #20: identifier "CPU_LED" is undefined
..\App\Main.c(58): error:  #165: too few arguments in function call
Target not created
Build target 'Pro'
compiling Main.c...
compiling Task_Test.c...
compiling LED.C...
compiling Bsp_Global.c...
compiling NVIC.C...
compiling stm32f4x7_eth_bsp.c...
..\BSP\stm32f4x7_eth_bsp.c(47): warning:  #177-D: variable "RCC_Clocks" was declared but never referenced
compiling netconf.c...
compiling stm32f4xx_it.c...
..\BSP\stm32f4xx_it.c(159): warning:  #177-D: variable "err" was declared but never referenced
compiling UDP_SERVER.C...
..\BSP\UDP_SERVER.C(48): warning:  #167-D: argument of type "int (*)(void *, struct udp_pcb *, struct pbuf *, struct ip_addr *, u16_t)" is incompatible with parameter of type "void (*)(void *, struct udp_pcb *, struct pbuf *, struct ip_addr *, u16_t)"
compiling ethernetif.c...
linking...
Program Size: Code=45466 RO-data=862 RW-data=316 ZI-data=45452  
FromELF: creating hex file...
".\Debug\Pro.axf" - 0 Error(s), 3 Warning(s).
Load "F:\\开发板\\STM32F407开发板（增强型）V1.0\\例程\\UCOS版\\UDP服务器收发数据实验（ucos版）\\project\\Debug\\Pro.AXF" 
* JLink Info: Device "STM32F407VE" selected (512 KB flash, 128 KB RAM).
Set JLink Project File to "F:\开发板\STM32F407开发板（增强型）V1.0\例程\UCOS版\UDP服务器收发数据实验（ucos版）\project\JLinkSettings.ini"
 
JLink info:
------------
DLL: V4.50j, compiled Jun 26 2012 09:19:07
Firmware: J-Link ARM V8 compiled Nov 14 2012 22:34:52
Hardware: V8.00
S/N : 270676280 
Feature(s) : RDI,FlashDL,FlashBP,JFlash,GDBFULL 
 
* JLink Info: TotalIRLen = 9, IRPrint = 0x0011
* JLink Info: TotalIRLen = 9, IRPrint = 0x0011
* JLink Info: Found Cortex-M4 r0p1, Little endian.
* JLink Info: TPIU fitted.
* JLink Info: ETM fitted.
* JLink Info: FPUnit: 6 code (BP) slots and 2 literal slots
ROMTableAddr = 0xE00FF003
* JLink Info: Found Cortex-M4 r0p1, Little endian.
* JLink Info: TPIU fitted.
* JLink Info: ETM fitted.
* JLink Info: FPUnit: 6 code (BP) slots and 2 literal slots
 
Target info:
------------
Device: STM32F407VE
VTarget = 3.261V
State of Pins: 
TCK: 1, TDI: 0, TDO: 1, TMS: 0, TRES: 1, TRST: 1
Hardware-Breakpoints: 6
Software-Breakpoints: 8192
Watchpoints:          4
JTAG speed: 2000 kHz
 
Erase Done.
Programming Done.
Verify OK.
* JLink Info: Found Cortex-M4 r0p1, Little endian.
* JLink Info: TPIU fitted.
* JLink Info: ETM fitted.
* JLink Info: FPUnit: 6 code (BP) slots and 2 literal slots
Application running ...
Build target 'Pro'
compiling stm32f4x7_eth_bsp.c...
..\BSP\stm32f4x7_eth_bsp.c(47): warning:  #177-D: variable "RCC_Clocks" was declared but never referenced
linking...
Program Size: Code=45466 RO-data=862 RW-data=316 ZI-data=45452  
FromELF: creating hex file...
".\Debug\Pro.axf" - 0 Error(s), 1 Warning(s).
Build target 'Pro'
compiling stm32f4x7_eth_bsp.c...
..\BSP\stm32f4x7_eth_bsp.c(47): warning:  #177-D: variable "RCC_Clocks" was declared but never referenced
linking...
Program Size: Code=45466 RO-data=862 RW-data=316 ZI-data=45452  
FromELF: creating hex file...
".\Debug\Pro.axf" - 0 Error(s), 1 Warning(s).
Build target 'Pro'
compiling stm32f4x7_eth_bsp.c...
..\BSP\stm32f4x7_eth_bsp.c(47): warning:  #177-D: variable "RCC_Clocks" was declared but never referenced
linking...
Program Size: Code=45466 RO-data=862 RW-data=316 ZI-data=45452  
FromELF: creating hex file...
".\Debug\Pro.axf" - 0 Error(s), 1 Warning(s).
